Traceback (most recent call last):
  File "/home/kali/phishing_extractor/trichxuat18.py", line 11, in <module>
    from playwright_stealth import stealth_async
ImportError: cannot import name 'stealth_async' from 'playwright_stealth' (/home/kali/phishing_extractor/venv/lib/python3.13/site-packages/playwright_stealth/__init__.py)
                                                                                                                                                                                                                  
┌──(venv)─(kali㉿kali)-[~/phishing_extractor]
└─$ python trichxuat18.py
Traceback (most recent call last):
  File "/home/kali/phishing_extractor/venv/lib/python3.13/site-packages/pandas/core/indexes/base.py", line 3812, in get_loc
    return self._engine.get_loc(casted_key)
           ~~~~~~~~~~~~~~~~~~~~^^^^^^^^^^^^
  File "pandas/_libs/index.pyx", line 167, in pandas._libs.index.IndexEngine.get_loc
  File "pandas/_libs/index.pyx", line 196, in pandas._libs.index.IndexEngine.get_loc
  File "pandas/_libs/hashtable_class_helper.pxi", line 7088, in pandas._libs.hashtable.PyObjectHashTable.get_item
  File "pandas/_libs/hashtable_class_helper.pxi", line 7096, in pandas._libs.hashtable.PyObjectHashTable.get_item
KeyError: 'url'

The above exception was the direct cause of the following exception:

Traceback (most recent call last):
  File "/home/kali/phishing_extractor/trichxuat18.py", line 174, in <module>
    asyncio.run(main())
    ~~~~~~~~~~~^^^^^^^^
  File "/usr/lib/python3.13/asyncio/runners.py", line 195, in run
    return runner.run(main)
           ~~~~~~~~~~^^^^^^
  File "/usr/lib/python3.13/asyncio/runners.py", line 118, in run
    return self._loop.run_until_complete(task)
           ~~~~~~~~~~~~~~~~~~~~~~~~~~~~~^^^^^^
  File "/usr/lib/python3.13/asyncio/base_events.py", line 725, in run_until_complete
    return future.result()
           ~~~~~~~~~~~~~^^
  File "/home/kali/phishing_extractor/trichxuat18.py", line 147, in main
    df_to_do = df_all[~df_all['url'].isin(processed_urls)]
                       ~~~~~~^^^^^^^
  File "/home/kali/phishing_extractor/venv/lib/python3.13/site-packages/pandas/core/frame.py", line 4113, in __getitem__
    indexer = self.columns.get_loc(key)
  File "/home/kali/phishing_extractor/venv/lib/python3.13/site-packages/pandas/core/indexes/base.py", line 3819, in get_loc
    raise KeyError(key) from err
KeyError: 'url'
                      
